Training metrics for 1DCNN
--------------------------------------------------

accuracy:
Epoch 1: 0.8104
Epoch 2: 0.8395
Epoch 3: 0.8441
Epoch 4: 0.8471
Epoch 5: 0.8499

loss:
Epoch 1: 0.5330
Epoch 2: 0.4474
Epoch 3: 0.4301
Epoch 4: 0.4195
Epoch 5: 0.4115

val_accuracy:
Epoch 1: 0.6703
Epoch 2: 0.6538
Epoch 3: 0.6586
Epoch 4: 0.7079
Epoch 5: 0.6660

val_loss:
Epoch 1: 0.8332
Epoch 2: 0.8607
Epoch 3: 0.8036
Epoch 4: 0.6713
Epoch 5: 0.7800

learning_rate:
Epoch 1: 0.0010
Epoch 2: 0.0010
Epoch 3: 0.0010
Epoch 4: 0.0010
Epoch 5: 0.0010
